<?xml version="1.0" encoding="UTF-8"?>
<testsuite xmlns:xsi="http://www.w3.org/2001/XMLSchema-instance" xsi:noNamespaceSchemaLocation="https://maven.apache.org/surefire/maven-surefire-plugin/xsd/surefire-test-report.xsd" name="com.irurueta.units.FrequencyTest" time="0.013" tests="28" errors="0" skipped="0" failures="0">
  <properties>
[...]
</properties>
  <testcase name="testGetSetUnit" classname="com.irurueta.units.FrequencyTest" time="0"/>
  <testcase name="testSubtractAndReturnNew1" classname="com.irurueta.units.FrequencyTest" time="0"/>
  <testcase name="testSubtractAndReturnNew2" classname="com.irurueta.units.FrequencyTest" time="0"/>
  <testcase name="testSubtractAndReturnNew3" classname="com.irurueta.units.FrequencyTest" time="0.001"/>
  <testcase name="testSubtractAndReturnNew4" classname="com.irurueta.units.FrequencyTest" time="0"/>
  <testcase name="testGetSetValue" classname="com.irurueta.units.FrequencyTest" time="0"/>
  <testcase name="testAdd1" classname="com.irurueta.units.FrequencyTest" time="0"/>
  <testcase name="testAdd2" classname="com.irurueta.units.FrequencyTest" time="0"/>
  <testcase name="testAdd3" classname="com.irurueta.units.FrequencyTest" time="0.001"/>
  <testcase name="testAdd4" classname="com.irurueta.units.FrequencyTest" time="0"/>
  <testcase name="testAdd5" classname="com.irurueta.units.FrequencyTest" time="0"/>
  <testcase name="testAdd6" classname="com.irurueta.units.FrequencyTest" time="0.001"/>
  <testcase name="testAdd7" classname="com.irurueta.units.FrequencyTest" time="0"/>
  <testcase name="testEqualsWithTolerance" classname="com.irurueta.units.FrequencyTest" time="0"/>
  <testcase name="testHashCode" classname="com.irurueta.units.FrequencyTest" time="0"/>
  <testcase name="testSubtract1" classname="com.irurueta.units.FrequencyTest" time="0.001"/>
  <testcase name="testSubtract2" classname="com.irurueta.units.FrequencyTest" time="0"/>
  <testcase name="testSubtract3" classname="com.irurueta.units.FrequencyTest" time="0.001"/>
  <testcase name="testSubtract4" classname="com.irurueta.units.FrequencyTest" time="0"/>
  <testcase name="testSubtract5" classname="com.irurueta.units.FrequencyTest" time="0"/>
  <testcase name="testSubtract6" classname="com.irurueta.units.FrequencyTest" time="0.001"/>
  <testcase name="testSubtract7" classname="com.irurueta.units.FrequencyTest" time="0"/>
  <testcase name="testEquals" classname="com.irurueta.units.FrequencyTest" time="0"/>
  <testcase name="testAddAndReturnNew1" classname="com.irurueta.units.FrequencyTest" time="0"/>
  <testcase name="testAddAndReturnNew2" classname="com.irurueta.units.FrequencyTest" time="0"/>
  <testcase name="testAddAndReturnNew3" classname="com.irurueta.units.FrequencyTest" time="0.001"/>
  <testcase name="testAddAndReturnNew4" classname="com.irurueta.units.FrequencyTest" time="0"/>
  <testcase name="testConstructor" classname="com.irurueta.units.FrequencyTest" time="0"/>
</testsuite>