<?xml version="1.0" encoding="UTF-8"?>
<testsuite xmlns:xsi="http://www.w3.org/2001/XMLSchema-instance" xsi:noNamespaceSchemaLocation="https://maven.apache.org/surefire/maven-surefire-plugin/xsd/surefire-test-report.xsd" name="com.irurueta.units.TimeFormatterTest" time="0.033" tests="40" errors="0" skipped="0" failures="0">
  <properties>
[...]
</properties>
  <testcase name="testFormatAndConvertNumber" classname="com.irurueta.units.TimeFormatterTest" time="0"/>
  <testcase name="testGetSetMinimumFractionDigits" classname="com.irurueta.units.TimeFormatterTest" time="0"/>
  <testcase name="testFormatDouble" classname="com.irurueta.units.TimeFormatterTest" time="0"/>
  <testcase name="testIsMetricUnit" classname="com.irurueta.units.TimeFormatterTest" time="0"/>
  <testcase name="testFormatAndConvertTimeAndUnitSystem" classname="com.irurueta.units.TimeFormatterTest" time="0"/>
  <testcase name="testGetUnitSystemFromSource" classname="com.irurueta.units.TimeFormatterTest" time="0.001"/>
  <testcase name="testFormatNumber" classname="com.irurueta.units.TimeFormatterTest" time="0"/>
  <testcase name="testFormatHourMinute" classname="com.irurueta.units.TimeFormatterTest" time="0.002"/>
  <testcase name="testClone" classname="com.irurueta.units.TimeFormatterTest" time="0"/>
  <testcase name="testParse" classname="com.irurueta.units.TimeFormatterTest" time="0.001"/>
  <testcase name="testGetAvailableLocales" classname="com.irurueta.units.TimeFormatterTest" time="0"/>
  <testcase name="testParseHourMinute" classname="com.irurueta.units.TimeFormatterTest" time="0.001"/>
  <testcase name="testFormatMultiple" classname="com.irurueta.units.TimeFormatterTest" time="0.003"/>
  <testcase name="testIsValidUnit" classname="com.irurueta.units.TimeFormatterTest" time="0"/>
  <testcase name="testGetUnitSymbol" classname="com.irurueta.units.TimeFormatterTest" time="0.001"/>
  <testcase name="testGetUnitSystem" classname="com.irurueta.units.TimeFormatterTest" time="0.001"/>
  <testcase name="testFormatNumberAndStringBuffer" classname="com.irurueta.units.TimeFormatterTest" time="0"/>
  <testcase name="testFormatTime" classname="com.irurueta.units.TimeFormatterTest" time="0"/>
  <testcase name="testIsSetParseIntegerOnly" classname="com.irurueta.units.TimeFormatterTest" time="0"/>
  <testcase name="testFindUnit" classname="com.irurueta.units.TimeFormatterTest" time="0.001"/>
  <testcase name="testGetSetValueAndUnitFormatPattern" classname="com.irurueta.units.TimeFormatterTest" time="0"/>
  <testcase name="testGetSetMinimumIntegerDigits" classname="com.irurueta.units.TimeFormatterTest" time="0"/>
  <testcase name="testFormatAndConvertTime" classname="com.irurueta.units.TimeFormatterTest" time="0.001"/>
  <testcase name="testFormatDoubleAndStringBuffer" classname="com.irurueta.units.TimeFormatterTest" time="0.001"/>
  <testcase name="testHashCode" classname="com.irurueta.units.TimeFormatterTest" time="0"/>
  <testcase name="testFormatTimeAndStringBuffer" classname="com.irurueta.units.TimeFormatterTest" time="0"/>
  <testcase name="testIsSetGroupingUsed" classname="com.irurueta.units.TimeFormatterTest" time="0.001"/>
  <testcase name="testFormatAndConvertDoubleAndUnitSystem" classname="com.irurueta.units.TimeFormatterTest" time="0"/>
  <testcase name="testFormatHourMinuteSecond" classname="com.irurueta.units.TimeFormatterTest" time="0.001"/>
  <testcase name="testEquals" classname="com.irurueta.units.TimeFormatterTest" time="0.001"/>
  <testcase name="testIsValidMeasurement" classname="com.irurueta.units.TimeFormatterTest" time="0"/>
  <testcase name="testFormatAndConvertNumberAndUnitSystem" classname="com.irurueta.units.TimeFormatterTest" time="0.001"/>
  <testcase name="testGetSetMaximumFractionDigits" classname="com.irurueta.units.TimeFormatterTest" time="0"/>
  <testcase name="testGetSetMaximumIntegerDigits" classname="com.irurueta.units.TimeFormatterTest" time="0"/>
  <testcase name="testParseMultiple" classname="com.irurueta.units.TimeFormatterTest" time="0.008"/>
  <testcase name="testGetSetRoundingMode" classname="com.irurueta.units.TimeFormatterTest" time="0"/>
  <testcase name="testFormatAndConvertDouble" classname="com.irurueta.units.TimeFormatterTest" time="0.001"/>
  <testcase name="testConstructor" classname="com.irurueta.units.TimeFormatterTest" time="0"/>
  <testcase name="testParseHourMinuteSecond" classname="com.irurueta.units.TimeFormatterTest" time="0.002"/>
  <testcase name="testFormatMultipleIncludingZeroValues" classname="com.irurueta.units.TimeFormatterTest" time="0.004"/>
</testsuite>