GROUP,PACKAGE,CLASS,INSTRUCTION_MISSED,INSTRUCTION_COVERED,BRANCH_MISSED,BRANCH_COVERED,LINE_MISSED,LINE_COVERED,COMPLEXITY_MISSED,COMPLEXITY_COVERED,METHOD_MISSED,METHOD_COVERED
com.irurueta:irurueta-units,com.irurueta.units,MagneticFluxDensityUnit,0,74,0,0,0,8,0,1,0,1
com.irurueta:irurueta-units,com.irurueta.units,AngularSpeed,0,323,0,6,0,69,0,28,0,25
com.irurueta:irurueta-units,com.irurueta.units,BuildInfo,12,113,2,4,4,30,2,11,0,10
com.irurueta:irurueta-units,com.irurueta.units,Speed,0,323,0,6,0,70,0,28,0,25
com.irurueta:irurueta-units,com.irurueta.units,Time,0,323,0,6,0,70,0,28,0,25
com.irurueta:irurueta-units,com.irurueta.units,Angle,0,323,0,6,0,69,0,28,0,25
com.irurueta:irurueta-units,com.irurueta.units,UnknownUnitException,0,16,0,0,0,8,0,4,0,4
com.irurueta:irurueta-units,com.irurueta.units,TemperatureFormatter,1,102,1,20,0,26,1,21,0,11
com.irurueta:irurueta-units,com.irurueta.units,SurfaceConverter,0,238,0,26,0,76,0,54,0,30
com.irurueta:irurueta-units,com.irurueta.units,FrequencyFormatter,0,193,0,37,0,47,0,33,0,13
com.irurueta:irurueta-units,com.irurueta.units,UnitLocale,0,26,0,6,0,9,0,5,0,2
com.irurueta:irurueta-units,com.irurueta.units,Weight,0,323,0,6,0,70,0,28,0,25
com.irurueta:irurueta-units,com.irurueta.units,WeightConverter,0,223,0,24,0,71,0,50,0,28
com.irurueta:irurueta-units,com.irurueta.units,SurfaceFormatter,0,349,2,83,0,82,2,59,0,13
com.irurueta:irurueta-units,com.irurueta.units,SurfaceUnit,0,223,0,8,0,23,0,10,0,6
com.irurueta:irurueta-units,com.irurueta.units,DistanceFormatter,0,289,0,60,0,67,0,46,0,13
com.irurueta:irurueta-units,com.irurueta.units,AngularAccelerationFormatter,8,82,0,16,2,23,1,18,1,10
com.irurueta:irurueta-units,com.irurueta.units,AngularAccelerationUnit,0,24,0,0,0,3,0,1,0,1
com.irurueta:irurueta-units,com.irurueta.units,DistanceConverter,0,163,0,16,0,51,0,34,0,20
com.irurueta:irurueta-units,com.irurueta.units,Distance,0,323,0,6,0,70,0,28,0,25
com.irurueta:irurueta-units,com.irurueta.units,TimeConverter,0,208,0,22,0,66,0,46,0,26
com.irurueta:irurueta-units,com.irurueta.units,AngularSpeedConverter,0,71,0,4,0,21,0,10,0,8
com.irurueta:irurueta-units,com.irurueta.units,UnitSystem,0,24,0,0,0,3,0,1,0,1
com.irurueta:irurueta-units,com.irurueta.units,SpeedConverter,0,126,0,10,0,36,0,22,0,14
com.irurueta:irurueta-units,com.irurueta.units,SpeedUnit,0,111,0,8,0,15,0,10,0,6
com.irurueta:irurueta-units,com.irurueta.units,SpeedFormatter,0,208,1,38,0,54,1,33,0,13
com.irurueta:irurueta-units,com.irurueta.units,FrequencyConverter,0,118,0,10,0,36,0,22,0,14
com.irurueta:irurueta-units,com.irurueta.units,AngularSpeedFormatter,8,82,0,16,2,23,1,18,1,10
com.irurueta:irurueta-units,com.irurueta.units,Measurement,4,150,11,33,1,32,11,20,0,9
com.irurueta:irurueta-units,com.irurueta.units,DistanceUnit,0,153,0,8,0,18,0,10,0,6
com.irurueta:irurueta-units,com.irurueta.units,MeasureFormatter,9,401,8,28,1,94,8,50,0,40
com.irurueta:irurueta-units,com.irurueta.units,TimeFormatter,1,2026,13,316,0,474,13,192,0,36
com.irurueta:irurueta-units,com.irurueta.units,TemperatureConverter,0,96,0,6,0,26,0,14,0,10
com.irurueta:irurueta-units,com.irurueta.units,WeightFormatter,22,388,4,83,5,89,3,58,0,13
com.irurueta:irurueta-units,com.irurueta.units,Temperature,0,319,0,6,0,68,0,28,0,25
com.irurueta:irurueta-units,com.irurueta.units,AngularAccelerationConverter,0,71,0,4,0,21,0,10,0,8
com.irurueta:irurueta-units,com.irurueta.units,Frequency,0,323,0,6,0,70,0,28,0,25
com.irurueta:irurueta-units,com.irurueta.units,TimeUnit,1,210,1,11,0,27,1,11,0,6
com.irurueta:irurueta-units,com.irurueta.units,MagneticFluxDensity,0,323,0,6,0,70,0,28,0,25
com.irurueta:irurueta-units,com.irurueta.units,Acceleration,15,308,0,6,2,67,1,27,1,24
com.irurueta:irurueta-units,com.irurueta.units,AccelerationFormatter,0,129,0,23,0,32,0,25,0,13
com.irurueta:irurueta-units,com.irurueta.units,UnitsException,0,16,0,0,0,8,0,4,0,4
com.irurueta:irurueta-units,com.irurueta.units,AngularAcceleration,0,323,0,6,0,69,0,28,0,25
com.irurueta:irurueta-units,com.irurueta.units,AccelerationUnit,0,83,0,8,0,13,0,10,0,6
com.irurueta:irurueta-units,com.irurueta.units,TemperatureUnit,0,83,0,8,0,13,0,10,0,6
com.irurueta:irurueta-units,com.irurueta.units,AngleUnit,0,24,0,0,0,3,0,1,0,1
com.irurueta:irurueta-units,com.irurueta.units,AngleFormatter,8,264,0,24,2,60,1,26,1,14
com.irurueta:irurueta-units,com.irurueta.units,AngularSpeedUnit,0,24,0,0,0,3,0,1,0,1
com.irurueta:irurueta-units,com.irurueta.units,AccelerationConverter,5,83,0,6,2,24,1,13,1,9
com.irurueta:irurueta-units,com.irurueta.units,FrequencyUnit,0,54,0,0,0,6,0,1,0,1
com.irurueta:irurueta-units,com.irurueta.units,AngleConverter,0,313,0,14,0,80,0,33,0,26
com.irurueta:irurueta-units,com.irurueta.units,Surface,0,323,0,6,0,70,0,28,0,25
com.irurueta:irurueta-units,com.irurueta.units,WeightUnit,0,209,0,8,0,22,0,10,0,6
com.irurueta:irurueta-units,com.irurueta.units,MagneticFluxDensityConverter,3,148,0,14,2,46,1,30,1,18
com.irurueta:irurueta-units,com.irurueta.units,MagneticFluxDensityFormatter,0,247,0,51,0,59,0,41,0,13
